<?xml version="1.0" encoding="UTF-8"?>
<!-- Generated by org.testng.reporters.JUnitXMLReporter -->
<testsuite ignored="1" hostname="MSI" failures="0" tests="8" name="Default test" time="51.618" errors="0" timestamp="2025-04-21T01:43:12 EDT">
  <testcase classname="DAVIS_Selenium_Week6_TestNg_App.DAVIS_Selenium_TestNg_App" name="validateRegisterPage" time="6.598"/>
  <testcase classname="DAVIS_Selenium_Week6_TestNg_App.DAVIS_Selenium_TestNg_App" name="validateRegisterPage" time="5.876"/>
  <testcase classname="DAVIS_Selenium_Week6_TestNg_App.DAVIS_Selenium_TestNg_App" name="validateRegisterPage" time="5.577"/>
  <testcase classname="DAVIS_Selenium_Week6_TestNg_App.DAVIS_Selenium_TestNg_App" name="validateRegisterPage" time="5.783"/>
  <testcase classname="DAVIS_Selenium_Week6_TestNg_App.DAVIS_Selenium_TestNg_App" name="validateRegisterPage" time="5.845"/>
  <testcase classname="DAVIS_Selenium_Week6_TestNg_App.DAVIS_Selenium_TestNg_App" name="validateRegisterPage" time="7.746"/>
  <testcase classname="DAVIS_Selenium_Week6_TestNg_App.DAVIS_Selenium_TestNg_App" name="validateRegisterPage" time="6.439"/>
  <testcase classname="DAVIS_Selenium_Week6_TestNg_App.DAVIS_Selenium_TestNg_App" name="validateRegisterPage" time="5.529"/>
  <testcase classname="DAVIS_Selenium_Week6_TestNg_App.DAVIS_Selenium_TestNg_App" name="validateNewToursHomeAndLogin" time="0.0">
    <ignored/>
  </testcase> <!-- validateNewToursHomeAndLogin -->
</testsuite> <!-- Default test -->
