<?xml version="1.0" encoding="UTF-8"?>
<!-- Generated by org.testng.reporters.JUnitXMLReporter -->
<testsuite ignored="0" hostname="MSI" failures="0" tests="10" name="Default test" time="52.114" errors="0" timestamp="2025-04-26T21:36:56 EDT">
  <testcase classname="DAVIS_Selenium_Week6_TestNg_App.DAVIS_Selenium_TestNg_App" name="validateNewToursHomeAndLogin" time="3.163"/>
  <testcase classname="DAVIS_Selenium_Week6_TestNg_App.DAVIS_Selenium_TestNg_App" name="validateNewToursHomeAndLogin" time="2.615"/>
  <testcase classname="DAVIS_Selenium_Week6_TestNg_App.DAVIS_Selenium_TestNg_App" name="validateRegisterPage" time="5.33"/>
  <testcase classname="DAVIS_Selenium_Week6_TestNg_App.DAVIS_Selenium_TestNg_App" name="validateRegisterPage" time="5.316"/>
  <testcase classname="DAVIS_Selenium_Week6_TestNg_App.DAVIS_Selenium_TestNg_App" name="validateRegisterPage" time="5.547"/>
  <testcase classname="DAVIS_Selenium_Week6_TestNg_App.DAVIS_Selenium_TestNg_App" name="validateRegisterPage" time="5.464"/>
  <testcase classname="DAVIS_Selenium_Week6_TestNg_App.DAVIS_Selenium_TestNg_App" name="validateRegisterPage" time="5.482"/>
  <testcase classname="DAVIS_Selenium_Week6_TestNg_App.DAVIS_Selenium_TestNg_App" name="validateRegisterPage" time="5.901"/>
  <testcase classname="DAVIS_Selenium_Week6_TestNg_App.DAVIS_Selenium_TestNg_App" name="validateRegisterPage" time="5.853"/>
  <testcase classname="DAVIS_Selenium_Week6_TestNg_App.DAVIS_Selenium_TestNg_App" name="validateRegisterPage" time="5.758"/>
</testsuite> <!-- Default test -->
